2025-12-17 05:52:34,360 [INFO] MainThread: Base de données DXCC chargée: 346 préfixes.
2025-12-17 05:52:34,361 [ERROR] MainThread: Erreur lors du chargement de la watchlist: 'list' object has no attribute 'get'
2025-12-17 05:52:34,361 [INFO] MainThread: 
--- NEURAL AI v4.5 - Solar & Multilingual ---
2025-12-17 05:52:34,362 [INFO] MainThread: QTH de départ: JN23 (43.50, 5.00)
2025-12-17 05:52:34,362 [INFO] Thread-1 (telnet_worker): TelnetWorker démarré.
2025-12-17 05:52:34,362 [INFO] Thread-2 (ticker_worker): TickerWorker démarré.
2025-12-17 05:52:34,362 [INFO] Thread-1 (telnet_worker): Tentative de connexion au Cluster: dxfun.com:8000 (Réseau: 1/3)
2025-12-17 05:52:34,363 [INFO] Thread-3 (history_maintenance_worker): HistoryWorker démarré (30min/12h).
2025-12-17 05:52:34,364 [INFO] MainThread: Tous les Workers ont été démarrés.
2025-12-17 05:52:34,370 [INFO] MainThread: Lancement du serveur Flask sur http://0.0.0.0:8000 (SO_REUSEADDR actif)...
2025-12-17 05:52:35,428 [INFO] Thread-1 (telnet_worker): Connexion établie sur dxfun.com:8000 avec F1SMV. Écoute des spots en cours.
2025-12-17 05:53:43,009 [INFO] MainThread: Base de données DXCC chargée: 346 préfixes.
2025-12-17 05:53:43,009 [ERROR] MainThread: Erreur lors du chargement de la watchlist: 'list' object has no attribute 'get'
2025-12-17 05:53:43,009 [INFO] MainThread: 
--- NEURAL AI v4.5 - Solar & Multilingual ---
2025-12-17 05:53:43,009 [INFO] MainThread: QTH de départ: JN23 (43.50, 5.00)
2025-12-17 05:53:43,009 [INFO] Thread-1 (telnet_worker): TelnetWorker démarré.
2025-12-17 05:53:43,010 [INFO] Thread-2 (ticker_worker): TickerWorker démarré.
2025-12-17 05:53:43,010 [INFO] Thread-1 (telnet_worker): Tentative de connexion au Cluster: dxfun.com:8000 (Réseau: 1/3)
2025-12-17 05:53:43,010 [INFO] Thread-3 (history_maintenance_worker): HistoryWorker démarré (30min/12h).
2025-12-17 05:53:43,010 [INFO] MainThread: Tous les Workers ont été démarrés.
2025-12-17 05:53:43,016 [INFO] MainThread: Lancement du serveur Flask sur http://0.0.0.0:8000 (SO_REUSEADDR actif)...
2025-12-17 05:53:44,081 [INFO] Thread-1 (telnet_worker): Connexion établie sur dxfun.com:8000 avec F1SMV. Écoute des spots en cours.
2025-12-17 05:55:58,507 [INFO] Thread-2 (ticker_worker): Ticker mis à jour.
